2022-04-03 16:39:43.727  INFO 45588 --- [main] c.e.a.AntraHomeWork21Application         : Starting AntraHomeWork21Application using Java 1.8.0_261 on DESKTOP-Q8HTOFS with PID 45588 (C:\Users\Tooth\OneDrive\Desktop\USC\antra\AntraHomeWork2_1\target\classes started by Tooth in C:\Users\Tooth\OneDrive\Desktop\USC\antra\AntraHomeWork2_1)
2022-04-03 16:39:43.729  INFO 45588 --- [main] c.e.a.AntraHomeWork21Application         : No active profile set, falling back to 1 default profile: "default"
2022-04-03 16:39:44.096  INFO 45588 --- [main] .s.d.r.c.RepositoryConfigurationDelegate : Bootstrapping Spring Data JPA repositories in DEFAULT mode.
2022-04-03 16:39:44.130  INFO 45588 --- [main] .s.d.r.c.RepositoryConfigurationDelegate : Finished Spring Data repository scanning in 28 ms. Found 2 JPA repository interfaces.
2022-04-03 16:39:44.401  INFO 45588 --- [main] o.s.b.w.embedded.tomcat.TomcatWebServer  : Tomcat initialized with port(s): 8080 (http)
2022-04-03 16:39:44.406  INFO 45588 --- [main] o.apache.catalina.core.StandardService   : Starting service [Tomcat]
2022-04-03 16:39:44.406  INFO 45588 --- [main] org.apache.catalina.core.StandardEngine  : Starting Servlet engine: [Apache Tomcat/9.0.60]
2022-04-03 16:39:44.489  INFO 45588 --- [main] o.a.c.c.C.[Tomcat].[localhost].[/]       : Initializing Spring embedded WebApplicationContext
2022-04-03 16:39:44.490  INFO 45588 --- [main] w.s.c.ServletWebServerApplicationContext : Root WebApplicationContext: initialization completed in 737 ms
2022-04-03 16:39:44.592  INFO 45588 --- [main] o.hibernate.jpa.internal.util.LogHelper  : HHH000204: Processing PersistenceUnitInfo [name: default]
2022-04-03 16:39:44.617  INFO 45588 --- [main] org.hibernate.Version                    : HHH000412: Hibernate ORM core version 5.6.7.Final
2022-04-03 16:39:44.695  INFO 45588 --- [main] o.hibernate.annotations.common.Version   : HCANN000001: Hibernate Commons Annotations {5.1.2.Final}
2022-04-03 16:39:44.797  INFO 45588 --- [main] com.zaxxer.hikari.HikariDataSource       : HikariPool-1 - Starting...
2022-04-03 16:39:45.127  INFO 45588 --- [main] com.zaxxer.hikari.HikariDataSource       : HikariPool-1 - Start completed.
2022-04-03 16:39:45.136  INFO 45588 --- [main] org.hibernate.dialect.Dialect            : HHH000400: Using dialect: org.hibernate.dialect.MySQL8Dialect
2022-04-03 16:39:45.529  INFO 45588 --- [main] o.h.e.t.j.p.i.JtaPlatformInitiator       : HHH000490: Using JtaPlatform implementation: [org.hibernate.engine.transaction.jta.platform.internal.NoJtaPlatform]
2022-04-03 16:39:45.534  INFO 45588 --- [main] j.LocalContainerEntityManagerFactoryBean : Initialized JPA EntityManagerFactory for persistence unit 'default'
2022-04-03 16:39:45.755  WARN 45588 --- [main] JpaBaseConfiguration$JpaWebConfiguration : spring.jpa.open-in-view is enabled by default. Therefore, database queries may be performed during view rendering. Explicitly configure spring.jpa.open-in-view to disable this warning
2022-04-03 16:39:45.935  INFO 45588 --- [main] o.s.b.w.embedded.tomcat.TomcatWebServer  : Tomcat started on port(s): 8080 (http) with context path ''
2022-04-03 16:39:45.941  INFO 45588 --- [main] c.e.a.AntraHomeWork21Application         : Started AntraHomeWork21Application in 2.504 seconds (JVM running for 3.004)
2022-04-03 17:11:26.384  INFO 45588 --- [SpringApplicationShutdownHook] j.LocalContainerEntityManagerFactoryBean : Closing JPA EntityManagerFactory for persistence unit 'default'
2022-04-03 17:11:26.386  INFO 45588 --- [SpringApplicationShutdownHook] com.zaxxer.hikari.HikariDataSource       : HikariPool-1 - Shutdown initiated...
2022-04-03 17:11:26.406  INFO 45588 --- [SpringApplicationShutdownHook] com.zaxxer.hikari.HikariDataSource       : HikariPool-1 - Shutdown completed.
2022-04-03 17:15:57.129  INFO 31784 --- [main] c.e.a.AntraHomeWork21Application         : Starting AntraHomeWork21Application using Java 1.8.0_261 on DESKTOP-Q8HTOFS with PID 31784 (C:\Users\Tooth\OneDrive\Desktop\USC\antra\AntraHomeWork2_1\target\classes started by Tooth in C:\Users\Tooth\OneDrive\Desktop\USC\antra\AntraHomeWork2_1)
2022-04-03 17:15:57.131  INFO 31784 --- [main] c.e.a.AntraHomeWork21Application         : No active profile set, falling back to 1 default profile: "default"
2022-04-03 17:15:57.524  INFO 31784 --- [main] .s.d.r.c.RepositoryConfigurationDelegate : Bootstrapping Spring Data JPA repositories in DEFAULT mode.
2022-04-03 17:15:57.563  INFO 31784 --- [main] .s.d.r.c.RepositoryConfigurationDelegate : Finished Spring Data repository scanning in 32 ms. Found 2 JPA repository interfaces.
2022-04-03 17:15:57.873  INFO 31784 --- [main] o.s.b.w.embedded.tomcat.TomcatWebServer  : Tomcat initialized with port(s): 8080 (http)
2022-04-03 17:15:57.878  INFO 31784 --- [main] o.apache.catalina.core.StandardService   : Starting service [Tomcat]
2022-04-03 17:15:57.878  INFO 31784 --- [main] org.apache.catalina.core.StandardEngine  : Starting Servlet engine: [Apache Tomcat/9.0.60]
2022-04-03 17:15:57.967  INFO 31784 --- [main] o.a.c.c.C.[Tomcat].[localhost].[/]       : Initializing Spring embedded WebApplicationContext
2022-04-03 17:15:57.968  INFO 31784 --- [main] w.s.c.ServletWebServerApplicationContext : Root WebApplicationContext: initialization completed in 812 ms
2022-04-03 17:15:58.077  INFO 31784 --- [main] o.hibernate.jpa.internal.util.LogHelper  : HHH000204: Processing PersistenceUnitInfo [name: default]
2022-04-03 17:15:58.103  INFO 31784 --- [main] org.hibernate.Version                    : HHH000412: Hibernate ORM core version 5.6.7.Final
2022-04-03 17:15:58.219  INFO 31784 --- [main] o.hibernate.annotations.common.Version   : HCANN000001: Hibernate Commons Annotations {5.1.2.Final}
2022-04-03 17:15:58.274  INFO 31784 --- [main] com.zaxxer.hikari.HikariDataSource       : HikariPool-1 - Starting...
2022-04-03 17:15:58.612  INFO 31784 --- [main] com.zaxxer.hikari.HikariDataSource       : HikariPool-1 - Start completed.
2022-04-03 17:15:58.620  INFO 31784 --- [main] org.hibernate.dialect.Dialect            : HHH000400: Using dialect: org.hibernate.dialect.MySQL8Dialect
2022-04-03 17:15:59.015  INFO 31784 --- [main] o.h.e.t.j.p.i.JtaPlatformInitiator       : HHH000490: Using JtaPlatform implementation: [org.hibernate.engine.transaction.jta.platform.internal.NoJtaPlatform]
2022-04-03 17:15:59.021  INFO 31784 --- [main] j.LocalContainerEntityManagerFactoryBean : Initialized JPA EntityManagerFactory for persistence unit 'default'
2022-04-03 17:15:59.245  WARN 31784 --- [main] JpaBaseConfiguration$JpaWebConfiguration : spring.jpa.open-in-view is enabled by default. Therefore, database queries may be performed during view rendering. Explicitly configure spring.jpa.open-in-view to disable this warning
2022-04-03 17:15:59.386  WARN 31784 --- [main] ion$DefaultTemplateResolverConfiguration : Cannot find template location: classpath:/templates/ (please add some templates or check your Thymeleaf configuration)
2022-04-03 17:15:59.446  INFO 31784 --- [main] o.s.b.w.embedded.tomcat.TomcatWebServer  : Tomcat started on port(s): 8080 (http) with context path ''
2022-04-03 17:15:59.453  INFO 31784 --- [main] c.e.a.AntraHomeWork21Application         : Started AntraHomeWork21Application in 2.624 seconds (JVM running for 3.214)
2022-04-03 17:16:23.765  INFO 31784 --- [http-nio-8080-exec-4] o.a.c.c.C.[Tomcat].[localhost].[/]       : Initializing Spring DispatcherServlet 'dispatcherServlet'
2022-04-03 17:16:23.766  INFO 31784 --- [http-nio-8080-exec-4] o.s.web.servlet.DispatcherServlet        : Initializing Servlet 'dispatcherServlet'
2022-04-03 17:16:23.766  INFO 31784 --- [http-nio-8080-exec-4] o.s.web.servlet.DispatcherServlet        : Completed initialization in 0 ms
2022-04-03 17:21:49.963  INFO 31784 --- [SpringApplicationShutdownHook] j.LocalContainerEntityManagerFactoryBean : Closing JPA EntityManagerFactory for persistence unit 'default'
2022-04-03 17:21:49.964  INFO 31784 --- [SpringApplicationShutdownHook] com.zaxxer.hikari.HikariDataSource       : HikariPool-1 - Shutdown initiated...
2022-04-03 17:21:49.968  INFO 31784 --- [SpringApplicationShutdownHook] com.zaxxer.hikari.HikariDataSource       : HikariPool-1 - Shutdown completed.
2022-04-03 17:21:57.062  INFO 35592 --- [main] c.e.a.AntraHomeWork21Application         : Starting AntraHomeWork21Application using Java 1.8.0_261 on DESKTOP-Q8HTOFS with PID 35592 (C:\Users\Tooth\OneDrive\Desktop\USC\antra\AntraHomeWork2_1\target\classes started by Tooth in C:\Users\Tooth\OneDrive\Desktop\USC\antra\AntraHomeWork2_1)
2022-04-03 17:21:57.065  INFO 35592 --- [main] c.e.a.AntraHomeWork21Application         : No active profile set, falling back to 1 default profile: "default"
2022-04-03 17:21:57.462  INFO 35592 --- [main] .s.d.r.c.RepositoryConfigurationDelegate : Bootstrapping Spring Data JPA repositories in DEFAULT mode.
2022-04-03 17:21:57.492  INFO 35592 --- [main] .s.d.r.c.RepositoryConfigurationDelegate : Finished Spring Data repository scanning in 25 ms. Found 2 JPA repository interfaces.
2022-04-03 17:21:57.781  INFO 35592 --- [main] o.s.b.w.embedded.tomcat.TomcatWebServer  : Tomcat initialized with port(s): 8080 (http)
2022-04-03 17:21:57.786  INFO 35592 --- [main] o.apache.catalina.core.StandardService   : Starting service [Tomcat]
2022-04-03 17:21:57.787  INFO 35592 --- [main] org.apache.catalina.core.StandardEngine  : Starting Servlet engine: [Apache Tomcat/9.0.60]
2022-04-03 17:21:57.874  INFO 35592 --- [main] o.a.c.c.C.[Tomcat].[localhost].[/]       : Initializing Spring embedded WebApplicationContext
2022-04-03 17:21:57.874  INFO 35592 --- [main] w.s.c.ServletWebServerApplicationContext : Root WebApplicationContext: initialization completed in 780 ms
2022-04-03 17:21:57.977  INFO 35592 --- [main] o.hibernate.jpa.internal.util.LogHelper  : HHH000204: Processing PersistenceUnitInfo [name: default]
2022-04-03 17:21:58.003  INFO 35592 --- [main] org.hibernate.Version                    : HHH000412: Hibernate ORM core version 5.6.7.Final
2022-04-03 17:21:58.114  INFO 35592 --- [main] o.hibernate.annotations.common.Version   : HCANN000001: Hibernate Commons Annotations {5.1.2.Final}
2022-04-03 17:21:58.169  INFO 35592 --- [main] com.zaxxer.hikari.HikariDataSource       : HikariPool-1 - Starting...
2022-04-03 17:21:58.512  INFO 35592 --- [main] com.zaxxer.hikari.HikariDataSource       : HikariPool-1 - Start completed.
2022-04-03 17:21:58.520  INFO 35592 --- [main] org.hibernate.dialect.Dialect            : HHH000400: Using dialect: org.hibernate.dialect.MySQL8Dialect
2022-04-03 17:21:58.924  INFO 35592 --- [main] o.h.e.t.j.p.i.JtaPlatformInitiator       : HHH000490: Using JtaPlatform implementation: [org.hibernate.engine.transaction.jta.platform.internal.NoJtaPlatform]
2022-04-03 17:21:58.930  INFO 35592 --- [main] j.LocalContainerEntityManagerFactoryBean : Initialized JPA EntityManagerFactory for persistence unit 'default'
2022-04-03 17:21:59.147  WARN 35592 --- [main] JpaBaseConfiguration$JpaWebConfiguration : spring.jpa.open-in-view is enabled by default. Therefore, database queries may be performed during view rendering. Explicitly configure spring.jpa.open-in-view to disable this warning
2022-04-03 17:21:59.289  WARN 35592 --- [main] ion$DefaultTemplateResolverConfiguration : Cannot find template location: classpath:/templates/ (please add some templates or check your Thymeleaf configuration)
2022-04-03 17:21:59.354  INFO 35592 --- [main] o.s.b.w.embedded.tomcat.TomcatWebServer  : Tomcat started on port(s): 8080 (http) with context path ''
2022-04-03 17:21:59.361  INFO 35592 --- [main] c.e.a.AntraHomeWork21Application         : Started AntraHomeWork21Application in 2.618 seconds (JVM running for 3.145)
2022-04-03 17:22:58.388  INFO 35592 --- [SpringApplicationShutdownHook] j.LocalContainerEntityManagerFactoryBean : Closing JPA EntityManagerFactory for persistence unit 'default'
2022-04-03 17:22:58.389  INFO 35592 --- [SpringApplicationShutdownHook] com.zaxxer.hikari.HikariDataSource       : HikariPool-1 - Shutdown initiated...
2022-04-03 17:22:58.392  INFO 35592 --- [SpringApplicationShutdownHook] com.zaxxer.hikari.HikariDataSource       : HikariPool-1 - Shutdown completed.
2022-04-03 17:23:03.786  INFO 21724 --- [main] c.e.a.AntraHomeWork21Application         : Starting AntraHomeWork21Application using Java 1.8.0_261 on DESKTOP-Q8HTOFS with PID 21724 (C:\Users\Tooth\OneDrive\Desktop\USC\antra\AntraHomeWork2_1\target\classes started by Tooth in C:\Users\Tooth\OneDrive\Desktop\USC\antra\AntraHomeWork2_1)
2022-04-03 17:23:03.789  INFO 21724 --- [main] c.e.a.AntraHomeWork21Application         : No active profile set, falling back to 1 default profile: "default"
2022-04-03 17:23:04.196  INFO 21724 --- [main] .s.d.r.c.RepositoryConfigurationDelegate : Bootstrapping Spring Data JPA repositories in DEFAULT mode.
2022-04-03 17:23:04.228  INFO 21724 --- [main] .s.d.r.c.RepositoryConfigurationDelegate : Finished Spring Data repository scanning in 26 ms. Found 2 JPA repository interfaces.
2022-04-03 17:23:04.516  INFO 21724 --- [main] o.s.b.w.embedded.tomcat.TomcatWebServer  : Tomcat initialized with port(s): 8080 (http)
2022-04-03 17:23:04.520  INFO 21724 --- [main] o.apache.catalina.core.StandardService   : Starting service [Tomcat]
2022-04-03 17:23:04.521  INFO 21724 --- [main] org.apache.catalina.core.StandardEngine  : Starting Servlet engine: [Apache Tomcat/9.0.60]
2022-04-03 17:23:04.609  INFO 21724 --- [main] o.a.c.c.C.[Tomcat].[localhost].[/]       : Initializing Spring embedded WebApplicationContext
2022-04-03 17:23:04.609  INFO 21724 --- [main] w.s.c.ServletWebServerApplicationContext : Root WebApplicationContext: initialization completed in 788 ms
2022-04-03 17:23:04.710  INFO 21724 --- [main] o.hibernate.jpa.internal.util.LogHelper  : HHH000204: Processing PersistenceUnitInfo [name: default]
2022-04-03 17:23:04.737  INFO 21724 --- [main] org.hibernate.Version                    : HHH000412: Hibernate ORM core version 5.6.7.Final
2022-04-03 17:23:04.851  INFO 21724 --- [main] o.hibernate.annotations.common.Version   : HCANN000001: Hibernate Commons Annotations {5.1.2.Final}
2022-04-03 17:23:04.907  INFO 21724 --- [main] com.zaxxer.hikari.HikariDataSource       : HikariPool-1 - Starting...
2022-04-03 17:23:05.238  INFO 21724 --- [main] com.zaxxer.hikari.HikariDataSource       : HikariPool-1 - Start completed.
2022-04-03 17:23:05.246  INFO 21724 --- [main] org.hibernate.dialect.Dialect            : HHH000400: Using dialect: org.hibernate.dialect.MySQL8Dialect
2022-04-03 17:23:05.637  INFO 21724 --- [main] o.h.e.t.j.p.i.JtaPlatformInitiator       : HHH000490: Using JtaPlatform implementation: [org.hibernate.engine.transaction.jta.platform.internal.NoJtaPlatform]
2022-04-03 17:23:05.642  INFO 21724 --- [main] j.LocalContainerEntityManagerFactoryBean : Initialized JPA EntityManagerFactory for persistence unit 'default'
2022-04-03 17:23:05.861  WARN 21724 --- [main] JpaBaseConfiguration$JpaWebConfiguration : spring.jpa.open-in-view is enabled by default. Therefore, database queries may be performed during view rendering. Explicitly configure spring.jpa.open-in-view to disable this warning
2022-04-03 17:23:06.001  WARN 21724 --- [main] ion$DefaultTemplateResolverConfiguration : Cannot find template location: classpath:/templates/ (please add some templates or check your Thymeleaf configuration)
2022-04-03 17:23:06.062  INFO 21724 --- [main] o.s.b.w.embedded.tomcat.TomcatWebServer  : Tomcat started on port(s): 8080 (http) with context path ''
2022-04-03 17:23:06.068  INFO 21724 --- [main] c.e.a.AntraHomeWork21Application         : Started AntraHomeWork21Application in 2.581 seconds (JVM running for 3.088)
2022-04-03 17:25:31.529  INFO 21724 --- [SpringApplicationShutdownHook] j.LocalContainerEntityManagerFactoryBean : Closing JPA EntityManagerFactory for persistence unit 'default'
2022-04-03 17:25:31.530  INFO 21724 --- [SpringApplicationShutdownHook] com.zaxxer.hikari.HikariDataSource       : HikariPool-1 - Shutdown initiated...
2022-04-03 17:25:31.533  INFO 21724 --- [SpringApplicationShutdownHook] com.zaxxer.hikari.HikariDataSource       : HikariPool-1 - Shutdown completed.
2022-04-03 17:25:34.842  INFO 28100 --- [main] c.e.a.AntraHomeWork21Application         : Starting AntraHomeWork21Application using Java 1.8.0_261 on DESKTOP-Q8HTOFS with PID 28100 (C:\Users\Tooth\OneDrive\Desktop\USC\antra\AntraHomeWork2_1\target\classes started by Tooth in C:\Users\Tooth\OneDrive\Desktop\USC\antra\AntraHomeWork2_1)
2022-04-03 17:25:34.846  INFO 28100 --- [main] c.e.a.AntraHomeWork21Application         : No active profile set, falling back to 1 default profile: "default"
2022-04-03 17:25:35.214  INFO 28100 --- [main] .s.d.r.c.RepositoryConfigurationDelegate : Bootstrapping Spring Data JPA repositories in DEFAULT mode.
2022-04-03 17:25:35.244  INFO 28100 --- [main] .s.d.r.c.RepositoryConfigurationDelegate : Finished Spring Data repository scanning in 25 ms. Found 2 JPA repository interfaces.
2022-04-03 17:25:35.517  INFO 28100 --- [main] o.s.b.w.embedded.tomcat.TomcatWebServer  : Tomcat initialized with port(s): 8080 (http)
2022-04-03 17:25:35.522  INFO 28100 --- [main] o.apache.catalina.core.StandardService   : Starting service [Tomcat]
2022-04-03 17:25:35.522  INFO 28100 --- [main] org.apache.catalina.core.StandardEngine  : Starting Servlet engine: [Apache Tomcat/9.0.60]
2022-04-03 17:25:35.611  INFO 28100 --- [main] o.a.c.c.C.[Tomcat].[localhost].[/]       : Initializing Spring embedded WebApplicationContext
2022-04-03 17:25:35.612  INFO 28100 --- [main] w.s.c.ServletWebServerApplicationContext : Root WebApplicationContext: initialization completed in 742 ms
2022-04-03 17:25:35.723  INFO 28100 --- [main] o.hibernate.jpa.internal.util.LogHelper  : HHH000204: Processing PersistenceUnitInfo [name: default]
2022-04-03 17:25:35.750  INFO 28100 --- [main] org.hibernate.Version                    : HHH000412: Hibernate ORM core version 5.6.7.Final
2022-04-03 17:25:35.871  INFO 28100 --- [main] o.hibernate.annotations.common.Version   : HCANN000001: Hibernate Commons Annotations {5.1.2.Final}
2022-04-03 17:25:35.928  INFO 28100 --- [main] com.zaxxer.hikari.HikariDataSource       : HikariPool-1 - Starting...
2022-04-03 17:25:36.266  INFO 28100 --- [main] com.zaxxer.hikari.HikariDataSource       : HikariPool-1 - Start completed.
2022-04-03 17:25:36.274  INFO 28100 --- [main] org.hibernate.dialect.Dialect            : HHH000400: Using dialect: org.hibernate.dialect.MySQL8Dialect
2022-04-03 17:25:36.660  INFO 28100 --- [main] o.h.e.t.j.p.i.JtaPlatformInitiator       : HHH000490: Using JtaPlatform implementation: [org.hibernate.engine.transaction.jta.platform.internal.NoJtaPlatform]
2022-04-03 17:25:36.666  INFO 28100 --- [main] j.LocalContainerEntityManagerFactoryBean : Initialized JPA EntityManagerFactory for persistence unit 'default'
2022-04-03 17:25:36.881  WARN 28100 --- [main] JpaBaseConfiguration$JpaWebConfiguration : spring.jpa.open-in-view is enabled by default. Therefore, database queries may be performed during view rendering. Explicitly configure spring.jpa.open-in-view to disable this warning
2022-04-03 17:25:37.025  WARN 28100 --- [main] ion$DefaultTemplateResolverConfiguration : Cannot find template location: classpath:/templates/ (please add some templates or check your Thymeleaf configuration)
2022-04-03 17:25:37.087  INFO 28100 --- [main] o.s.b.w.embedded.tomcat.TomcatWebServer  : Tomcat started on port(s): 8080 (http) with context path ''
2022-04-03 17:25:37.094  INFO 28100 --- [main] c.e.a.AntraHomeWork21Application         : Started AntraHomeWork21Application in 2.529 seconds (JVM running for 3.032)
2022-04-03 17:27:19.453  INFO 28100 --- [SpringApplicationShutdownHook] j.LocalContainerEntityManagerFactoryBean : Closing JPA EntityManagerFactory for persistence unit 'default'
2022-04-03 17:27:19.454  INFO 28100 --- [SpringApplicationShutdownHook] com.zaxxer.hikari.HikariDataSource       : HikariPool-1 - Shutdown initiated...
2022-04-03 17:27:19.458  INFO 28100 --- [SpringApplicationShutdownHook] com.zaxxer.hikari.HikariDataSource       : HikariPool-1 - Shutdown completed.
2022-04-03 17:27:22.275  INFO 41628 --- [main] c.e.a.AntraHomeWork21Application         : Starting AntraHomeWork21Application using Java 1.8.0_261 on DESKTOP-Q8HTOFS with PID 41628 (C:\Users\Tooth\OneDrive\Desktop\USC\antra\AntraHomeWork2_1\target\classes started by Tooth in C:\Users\Tooth\OneDrive\Desktop\USC\antra\AntraHomeWork2_1)
2022-04-03 17:27:22.277  INFO 41628 --- [main] c.e.a.AntraHomeWork21Application         : No active profile set, falling back to 1 default profile: "default"
2022-04-03 17:27:22.657  INFO 41628 --- [main] .s.d.r.c.RepositoryConfigurationDelegate : Bootstrapping Spring Data JPA repositories in DEFAULT mode.
2022-04-03 17:27:22.688  INFO 41628 --- [main] .s.d.r.c.RepositoryConfigurationDelegate : Finished Spring Data repository scanning in 26 ms. Found 2 JPA repository interfaces.
2022-04-03 17:27:22.969  INFO 41628 --- [main] o.s.b.w.embedded.tomcat.TomcatWebServer  : Tomcat initialized with port(s): 8080 (http)
2022-04-03 17:27:22.974  INFO 41628 --- [main] o.apache.catalina.core.StandardService   : Starting service [Tomcat]
2022-04-03 17:27:22.974  INFO 41628 --- [main] org.apache.catalina.core.StandardEngine  : Starting Servlet engine: [Apache Tomcat/9.0.60]
2022-04-03 17:27:23.061  INFO 41628 --- [main] o.a.c.c.C.[Tomcat].[localhost].[/]       : Initializing Spring embedded WebApplicationContext
2022-04-03 17:27:23.062  INFO 41628 --- [main] w.s.c.ServletWebServerApplicationContext : Root WebApplicationContext: initialization completed in 760 ms
2022-04-03 17:27:23.166  INFO 41628 --- [main] o.hibernate.jpa.internal.util.LogHelper  : HHH000204: Processing PersistenceUnitInfo [name: default]
2022-04-03 17:27:23.192  INFO 41628 --- [main] org.hibernate.Version                    : HHH000412: Hibernate ORM core version 5.6.7.Final
2022-04-03 17:27:23.311  INFO 41628 --- [main] o.hibernate.annotations.common.Version   : HCANN000001: Hibernate Commons Annotations {5.1.2.Final}
2022-04-03 17:27:23.365  INFO 41628 --- [main] com.zaxxer.hikari.HikariDataSource       : HikariPool-1 - Starting...
2022-04-03 17:27:23.695  INFO 41628 --- [main] com.zaxxer.hikari.HikariDataSource       : HikariPool-1 - Start completed.
2022-04-03 17:27:23.703  INFO 41628 --- [main] org.hibernate.dialect.Dialect            : HHH000400: Using dialect: org.hibernate.dialect.MySQL8Dialect
2022-04-03 17:27:24.094  INFO 41628 --- [main] o.h.e.t.j.p.i.JtaPlatformInitiator       : HHH000490: Using JtaPlatform implementation: [org.hibernate.engine.transaction.jta.platform.internal.NoJtaPlatform]
2022-04-03 17:27:24.099  INFO 41628 --- [main] j.LocalContainerEntityManagerFactoryBean : Initialized JPA EntityManagerFactory for persistence unit 'default'
2022-04-03 17:27:24.322  WARN 41628 --- [main] JpaBaseConfiguration$JpaWebConfiguration : spring.jpa.open-in-view is enabled by default. Therefore, database queries may be performed during view rendering. Explicitly configure spring.jpa.open-in-view to disable this warning
2022-04-03 17:27:24.460  WARN 41628 --- [main] ion$DefaultTemplateResolverConfiguration : Cannot find template location: classpath:/templates/ (please add some templates or check your Thymeleaf configuration)
2022-04-03 17:27:24.520  INFO 41628 --- [main] o.s.b.w.embedded.tomcat.TomcatWebServer  : Tomcat started on port(s): 8080 (http) with context path ''
2022-04-03 17:27:24.528  INFO 41628 --- [main] c.e.a.AntraHomeWork21Application         : Started AntraHomeWork21Application in 2.543 seconds (JVM running for 3.071)
2022-04-03 17:28:25.842  INFO 41628 --- [SpringApplicationShutdownHook] j.LocalContainerEntityManagerFactoryBean : Closing JPA EntityManagerFactory for persistence unit 'default'
2022-04-03 17:28:25.843  INFO 41628 --- [SpringApplicationShutdownHook] com.zaxxer.hikari.HikariDataSource       : HikariPool-1 - Shutdown initiated...
2022-04-03 17:28:25.846  INFO 41628 --- [SpringApplicationShutdownHook] com.zaxxer.hikari.HikariDataSource       : HikariPool-1 - Shutdown completed.
2022-04-03 17:28:29.188  INFO 41144 --- [main] c.e.a.AntraHomeWork21Application         : Starting AntraHomeWork21Application using Java 1.8.0_261 on DESKTOP-Q8HTOFS with PID 41144 (C:\Users\Tooth\OneDrive\Desktop\USC\antra\AntraHomeWork2_1\target\classes started by Tooth in C:\Users\Tooth\OneDrive\Desktop\USC\antra\AntraHomeWork2_1)
2022-04-03 17:28:29.190  INFO 41144 --- [main] c.e.a.AntraHomeWork21Application         : No active profile set, falling back to 1 default profile: "default"
2022-04-03 17:28:29.563  INFO 41144 --- [main] .s.d.r.c.RepositoryConfigurationDelegate : Bootstrapping Spring Data JPA repositories in DEFAULT mode.
2022-04-03 17:28:29.594  INFO 41144 --- [main] .s.d.r.c.RepositoryConfigurationDelegate : Finished Spring Data repository scanning in 25 ms. Found 2 JPA repository interfaces.
2022-04-03 17:28:29.871  INFO 41144 --- [main] o.s.b.w.embedded.tomcat.TomcatWebServer  : Tomcat initialized with port(s): 8080 (http)
2022-04-03 17:28:29.876  INFO 41144 --- [main] o.apache.catalina.core.StandardService   : Starting service [Tomcat]
2022-04-03 17:28:29.877  INFO 41144 --- [main] org.apache.catalina.core.StandardEngine  : Starting Servlet engine: [Apache Tomcat/9.0.60]
2022-04-03 17:28:29.969  INFO 41144 --- [main] o.a.c.c.C.[Tomcat].[localhost].[/]       : Initializing Spring embedded WebApplicationContext
2022-04-03 17:28:29.970  INFO 41144 --- [main] w.s.c.ServletWebServerApplicationContext : Root WebApplicationContext: initialization completed in 755 ms
2022-04-03 17:28:30.075  INFO 41144 --- [main] o.hibernate.jpa.internal.util.LogHelper  : HHH000204: Processing PersistenceUnitInfo [name: default]
2022-04-03 17:28:30.100  INFO 41144 --- [main] org.hibernate.Version                    : HHH000412: Hibernate ORM core version 5.6.7.Final
2022-04-03 17:28:30.217  INFO 41144 --- [main] o.hibernate.annotations.common.Version   : HCANN000001: Hibernate Commons Annotations {5.1.2.Final}
2022-04-03 17:28:30.275  INFO 41144 --- [main] com.zaxxer.hikari.HikariDataSource       : HikariPool-1 - Starting...
2022-04-03 17:28:30.612  INFO 41144 --- [main] com.zaxxer.hikari.HikariDataSource       : HikariPool-1 - Start completed.
2022-04-03 17:28:30.620  INFO 41144 --- [main] org.hibernate.dialect.Dialect            : HHH000400: Using dialect: org.hibernate.dialect.MySQL8Dialect
2022-04-03 17:28:31.023  INFO 41144 --- [main] o.h.e.t.j.p.i.JtaPlatformInitiator       : HHH000490: Using JtaPlatform implementation: [org.hibernate.engine.transaction.jta.platform.internal.NoJtaPlatform]
2022-04-03 17:28:31.029  INFO 41144 --- [main] j.LocalContainerEntityManagerFactoryBean : Initialized JPA EntityManagerFactory for persistence unit 'default'
2022-04-03 17:28:31.245  WARN 41144 --- [main] JpaBaseConfiguration$JpaWebConfiguration : spring.jpa.open-in-view is enabled by default. Therefore, database queries may be performed during view rendering. Explicitly configure spring.jpa.open-in-view to disable this warning
2022-04-03 17:28:31.387  WARN 41144 --- [main] ion$DefaultTemplateResolverConfiguration : Cannot find template location: classpath:/templates/ (please add some templates or check your Thymeleaf configuration)
2022-04-03 17:28:31.447  INFO 41144 --- [main] o.s.b.w.embedded.tomcat.TomcatWebServer  : Tomcat started on port(s): 8080 (http) with context path ''
2022-04-03 17:28:31.453  INFO 41144 --- [main] c.e.a.AntraHomeWork21Application         : Started AntraHomeWork21Application in 2.544 seconds (JVM running for 3.038)
2022-04-03 17:28:43.267  INFO 41144 --- [SpringApplicationShutdownHook] j.LocalContainerEntityManagerFactoryBean : Closing JPA EntityManagerFactory for persistence unit 'default'
2022-04-03 17:28:43.268  INFO 41144 --- [SpringApplicationShutdownHook] com.zaxxer.hikari.HikariDataSource       : HikariPool-1 - Shutdown initiated...
2022-04-03 17:28:43.271  INFO 41144 --- [SpringApplicationShutdownHook] com.zaxxer.hikari.HikariDataSource       : HikariPool-1 - Shutdown completed.
2022-04-03 17:28:46.888  INFO 37124 --- [main] c.e.a.AntraHomeWork21Application         : Starting AntraHomeWork21Application using Java 1.8.0_261 on DESKTOP-Q8HTOFS with PID 37124 (C:\Users\Tooth\OneDrive\Desktop\USC\antra\AntraHomeWork2_1\target\classes started by Tooth in C:\Users\Tooth\OneDrive\Desktop\USC\antra\AntraHomeWork2_1)
2022-04-03 17:28:46.890  INFO 37124 --- [main] c.e.a.AntraHomeWork21Application         : No active profile set, falling back to 1 default profile: "default"
2022-04-03 17:28:47.300  INFO 37124 --- [main] .s.d.r.c.RepositoryConfigurationDelegate : Bootstrapping Spring Data JPA repositories in DEFAULT mode.
2022-04-03 17:28:47.334  INFO 37124 --- [main] .s.d.r.c.RepositoryConfigurationDelegate : Finished Spring Data repository scanning in 28 ms. Found 2 JPA repository interfaces.
2022-04-03 17:28:47.635  INFO 37124 --- [main] o.s.b.w.embedded.tomcat.TomcatWebServer  : Tomcat initialized with port(s): 8080 (http)
2022-04-03 17:28:47.640  INFO 37124 --- [main] o.apache.catalina.core.StandardService   : Starting service [Tomcat]
2022-04-03 17:28:47.641  INFO 37124 --- [main] org.apache.catalina.core.StandardEngine  : Starting Servlet engine: [Apache Tomcat/9.0.60]
2022-04-03 17:28:47.730  INFO 37124 --- [main] o.a.c.c.C.[Tomcat].[localhost].[/]       : Initializing Spring embedded WebApplicationContext
2022-04-03 17:28:47.731  INFO 37124 --- [main] w.s.c.ServletWebServerApplicationContext : Root WebApplicationContext: initialization completed in 814 ms
2022-04-03 17:28:47.834  INFO 37124 --- [main] o.hibernate.jpa.internal.util.LogHelper  : HHH000204: Processing PersistenceUnitInfo [name: default]
2022-04-03 17:28:47.860  INFO 37124 --- [main] org.hibernate.Version                    : HHH000412: Hibernate ORM core version 5.6.7.Final
2022-04-03 17:28:47.986  INFO 37124 --- [main] o.hibernate.annotations.common.Version   : HCANN000001: Hibernate Commons Annotations {5.1.2.Final}
2022-04-03 17:28:48.043  INFO 37124 --- [main] com.zaxxer.hikari.HikariDataSource       : HikariPool-1 - Starting...
2022-04-03 17:28:48.374  INFO 37124 --- [main] com.zaxxer.hikari.HikariDataSource       : HikariPool-1 - Start completed.
2022-04-03 17:28:48.381  INFO 37124 --- [main] org.hibernate.dialect.Dialect            : HHH000400: Using dialect: org.hibernate.dialect.MySQL8Dialect
2022-04-03 17:28:48.783  INFO 37124 --- [main] o.h.e.t.j.p.i.JtaPlatformInitiator       : HHH000490: Using JtaPlatform implementation: [org.hibernate.engine.transaction.jta.platform.internal.NoJtaPlatform]
2022-04-03 17:28:48.789  INFO 37124 --- [main] j.LocalContainerEntityManagerFactoryBean : Initialized JPA EntityManagerFactory for persistence unit 'default'
2022-04-03 17:28:49.021  WARN 37124 --- [main] JpaBaseConfiguration$JpaWebConfiguration : spring.jpa.open-in-view is enabled by default. Therefore, database queries may be performed during view rendering. Explicitly configure spring.jpa.open-in-view to disable this warning
2022-04-03 17:28:49.160  WARN 37124 --- [main] ion$DefaultTemplateResolverConfiguration : Cannot find template location: classpath:/templates/ (please add some templates or check your Thymeleaf configuration)
2022-04-03 17:28:49.219  INFO 37124 --- [main] o.s.b.w.embedded.tomcat.TomcatWebServer  : Tomcat started on port(s): 8080 (http) with context path ''
2022-04-03 17:28:49.225  INFO 37124 --- [main] c.e.a.AntraHomeWork21Application         : Started AntraHomeWork21Application in 2.637 seconds (JVM running for 3.149)
2022-04-03 17:31:28.655  INFO 37124 --- [SpringApplicationShutdownHook] j.LocalContainerEntityManagerFactoryBean : Closing JPA EntityManagerFactory for persistence unit 'default'
2022-04-03 17:31:28.657  INFO 37124 --- [SpringApplicationShutdownHook] com.zaxxer.hikari.HikariDataSource       : HikariPool-1 - Shutdown initiated...
2022-04-03 17:31:28.660  INFO 37124 --- [SpringApplicationShutdownHook] com.zaxxer.hikari.HikariDataSource       : HikariPool-1 - Shutdown completed.
2022-04-03 17:31:31.934  INFO 31204 --- [main] c.e.a.AntraHomeWork21Application         : Starting AntraHomeWork21Application using Java 1.8.0_261 on DESKTOP-Q8HTOFS with PID 31204 (C:\Users\Tooth\OneDrive\Desktop\USC\antra\AntraHomeWork2_1\target\classes started by Tooth in C:\Users\Tooth\OneDrive\Desktop\USC\antra\AntraHomeWork2_1)
2022-04-03 17:31:31.936  INFO 31204 --- [main] c.e.a.AntraHomeWork21Application         : No active profile set, falling back to 1 default profile: "default"
2022-04-03 17:31:32.325  INFO 31204 --- [main] .s.d.r.c.RepositoryConfigurationDelegate : Bootstrapping Spring Data JPA repositories in DEFAULT mode.
2022-04-03 17:31:32.360  INFO 31204 --- [main] .s.d.r.c.RepositoryConfigurationDelegate : Finished Spring Data repository scanning in 28 ms. Found 2 JPA repository interfaces.
2022-04-03 17:31:32.652  INFO 31204 --- [main] o.s.b.w.embedded.tomcat.TomcatWebServer  : Tomcat initialized with port(s): 8080 (http)
2022-04-03 17:31:32.657  INFO 31204 --- [main] o.apache.catalina.core.StandardService   : Starting service [Tomcat]
2022-04-03 17:31:32.657  INFO 31204 --- [main] org.apache.catalina.core.StandardEngine  : Starting Servlet engine: [Apache Tomcat/9.0.60]
2022-04-03 17:31:32.742  INFO 31204 --- [main] o.a.c.c.C.[Tomcat].[localhost].[/]       : Initializing Spring embedded WebApplicationContext
2022-04-03 17:31:32.742  INFO 31204 --- [main] w.s.c.ServletWebServerApplicationContext : Root WebApplicationContext: initialization completed in 781 ms
2022-04-03 17:31:32.842  INFO 31204 --- [main] o.hibernate.jpa.internal.util.LogHelper  : HHH000204: Processing PersistenceUnitInfo [name: default]
2022-04-03 17:31:32.867  INFO 31204 --- [main] org.hibernate.Version                    : HHH000412: Hibernate ORM core version 5.6.7.Final
2022-04-03 17:31:32.976  INFO 31204 --- [main] o.hibernate.annotations.common.Version   : HCANN000001: Hibernate Commons Annotations {5.1.2.Final}
2022-04-03 17:31:33.030  INFO 31204 --- [main] com.zaxxer.hikari.HikariDataSource       : HikariPool-1 - Starting...
2022-04-03 17:31:33.359  INFO 31204 --- [main] com.zaxxer.hikari.HikariDataSource       : HikariPool-1 - Start completed.
2022-04-03 17:31:33.367  INFO 31204 --- [main] org.hibernate.dialect.Dialect            : HHH000400: Using dialect: org.hibernate.dialect.MySQL8Dialect
2022-04-03 17:31:33.755  INFO 31204 --- [main] o.h.e.t.j.p.i.JtaPlatformInitiator       : HHH000490: Using JtaPlatform implementation: [org.hibernate.engine.transaction.jta.platform.internal.NoJtaPlatform]
2022-04-03 17:31:33.761  INFO 31204 --- [main] j.LocalContainerEntityManagerFactoryBean : Initialized JPA EntityManagerFactory for persistence unit 'default'
2022-04-03 17:31:33.981  WARN 31204 --- [main] JpaBaseConfiguration$JpaWebConfiguration : spring.jpa.open-in-view is enabled by default. Therefore, database queries may be performed during view rendering. Explicitly configure spring.jpa.open-in-view to disable this warning
2022-04-03 17:31:34.123  WARN 31204 --- [main] ion$DefaultTemplateResolverConfiguration : Cannot find template location: classpath:/templates/ (please add some templates or check your Thymeleaf configuration)
2022-04-03 17:31:34.187  INFO 31204 --- [main] o.s.b.w.embedded.tomcat.TomcatWebServer  : Tomcat started on port(s): 8080 (http) with context path ''
2022-04-03 17:31:34.194  INFO 31204 --- [main] c.e.a.AntraHomeWork21Application         : Started AntraHomeWork21Application in 2.54 seconds (JVM running for 3.044)
2022-04-03 17:33:05.256  INFO 31204 --- [SpringApplicationShutdownHook] j.LocalContainerEntityManagerFactoryBean : Closing JPA EntityManagerFactory for persistence unit 'default'
2022-04-03 17:33:05.257  INFO 31204 --- [SpringApplicationShutdownHook] com.zaxxer.hikari.HikariDataSource       : HikariPool-1 - Shutdown initiated...
2022-04-03 17:33:05.261  INFO 31204 --- [SpringApplicationShutdownHook] com.zaxxer.hikari.HikariDataSource       : HikariPool-1 - Shutdown completed.
2022-04-03 17:33:08.847  INFO 44444 --- [main] c.e.a.AntraHomeWork21Application         : Starting AntraHomeWork21Application using Java 1.8.0_261 on DESKTOP-Q8HTOFS with PID 44444 (C:\Users\Tooth\OneDrive\Desktop\USC\antra\AntraHomeWork2_1\target\classes started by Tooth in C:\Users\Tooth\OneDrive\Desktop\USC\antra\AntraHomeWork2_1)
2022-04-03 17:33:08.849  INFO 44444 --- [main] c.e.a.AntraHomeWork21Application         : No active profile set, falling back to 1 default profile: "default"
2022-04-03 17:33:09.240  INFO 44444 --- [main] .s.d.r.c.RepositoryConfigurationDelegate : Bootstrapping Spring Data JPA repositories in DEFAULT mode.
2022-04-03 17:33:09.275  INFO 44444 --- [main] .s.d.r.c.RepositoryConfigurationDelegate : Finished Spring Data repository scanning in 29 ms. Found 2 JPA repository interfaces.
2022-04-03 17:33:09.575  INFO 44444 --- [main] o.s.b.w.embedded.tomcat.TomcatWebServer  : Tomcat initialized with port(s): 8080 (http)
2022-04-03 17:33:09.580  INFO 44444 --- [main] o.apache.catalina.core.StandardService   : Starting service [Tomcat]
2022-04-03 17:33:09.581  INFO 44444 --- [main] org.apache.catalina.core.StandardEngine  : Starting Servlet engine: [Apache Tomcat/9.0.60]
2022-04-03 17:33:09.668  INFO 44444 --- [main] o.a.c.c.C.[Tomcat].[localhost].[/]       : Initializing Spring embedded WebApplicationContext
2022-04-03 17:33:09.668  INFO 44444 --- [main] w.s.c.ServletWebServerApplicationContext : Root WebApplicationContext: initialization completed in 795 ms
2022-04-03 17:33:09.774  INFO 44444 --- [main] o.hibernate.jpa.internal.util.LogHelper  : HHH000204: Processing PersistenceUnitInfo [name: default]
2022-04-03 17:33:09.800  INFO 44444 --- [main] org.hibernate.Version                    : HHH000412: Hibernate ORM core version 5.6.7.Final
2022-04-03 17:33:09.927  INFO 44444 --- [main] o.hibernate.annotations.common.Version   : HCANN000001: Hibernate Commons Annotations {5.1.2.Final}
2022-04-03 17:33:09.982  INFO 44444 --- [main] com.zaxxer.hikari.HikariDataSource       : HikariPool-1 - Starting...
2022-04-03 17:33:10.320  INFO 44444 --- [main] com.zaxxer.hikari.HikariDataSource       : HikariPool-1 - Start completed.
2022-04-03 17:33:10.328  INFO 44444 --- [main] org.hibernate.dialect.Dialect            : HHH000400: Using dialect: org.hibernate.dialect.MySQL8Dialect
2022-04-03 17:33:10.719  INFO 44444 --- [main] o.h.e.t.j.p.i.JtaPlatformInitiator       : HHH000490: Using JtaPlatform implementation: [org.hibernate.engine.transaction.jta.platform.internal.NoJtaPlatform]
2022-04-03 17:33:10.725  INFO 44444 --- [main] j.LocalContainerEntityManagerFactoryBean : Initialized JPA EntityManagerFactory for persistence unit 'default'
2022-04-03 17:33:10.941  WARN 44444 --- [main] JpaBaseConfiguration$JpaWebConfiguration : spring.jpa.open-in-view is enabled by default. Therefore, database queries may be performed during view rendering. Explicitly configure spring.jpa.open-in-view to disable this warning
2022-04-03 17:33:11.092  WARN 44444 --- [main] ion$DefaultTemplateResolverConfiguration : Cannot find template location: classpath:/templates/ (please add some templates or check your Thymeleaf configuration)
2022-04-03 17:33:11.159  INFO 44444 --- [main] o.s.b.w.embedded.tomcat.TomcatWebServer  : Tomcat started on port(s): 8080 (http) with context path ''
2022-04-03 17:33:11.166  INFO 44444 --- [main] c.e.a.AntraHomeWork21Application         : Started AntraHomeWork21Application in 2.597 seconds (JVM running for 3.106)
2022-04-03 17:33:57.970  INFO 44444 --- [SpringApplicationShutdownHook] j.LocalContainerEntityManagerFactoryBean : Closing JPA EntityManagerFactory for persistence unit 'default'
2022-04-03 17:33:57.971  INFO 44444 --- [SpringApplicationShutdownHook] com.zaxxer.hikari.HikariDataSource       : HikariPool-1 - Shutdown initiated...
2022-04-03 17:33:57.974  INFO 44444 --- [SpringApplicationShutdownHook] com.zaxxer.hikari.HikariDataSource       : HikariPool-1 - Shutdown completed.
2022-04-03 17:34:02.637  INFO 39456 --- [main] c.e.a.AntraHomeWork21Application         : Starting AntraHomeWork21Application using Java 1.8.0_261 on DESKTOP-Q8HTOFS with PID 39456 (C:\Users\Tooth\OneDrive\Desktop\USC\antra\AntraHomeWork2_1\target\classes started by Tooth in C:\Users\Tooth\OneDrive\Desktop\USC\antra\AntraHomeWork2_1)
2022-04-03 17:34:02.639  INFO 39456 --- [main] c.e.a.AntraHomeWork21Application         : No active profile set, falling back to 1 default profile: "default"
2022-04-03 17:34:03.013  INFO 39456 --- [main] .s.d.r.c.RepositoryConfigurationDelegate : Bootstrapping Spring Data JPA repositories in DEFAULT mode.
2022-04-03 17:34:03.044  INFO 39456 --- [main] .s.d.r.c.RepositoryConfigurationDelegate : Finished Spring Data repository scanning in 26 ms. Found 2 JPA repository interfaces.
2022-04-03 17:34:03.339  INFO 39456 --- [main] o.s.b.w.embedded.tomcat.TomcatWebServer  : Tomcat initialized with port(s): 8080 (http)
2022-04-03 17:34:03.343  INFO 39456 --- [main] o.apache.catalina.core.StandardService   : Starting service [Tomcat]
2022-04-03 17:34:03.343  INFO 39456 --- [main] org.apache.catalina.core.StandardEngine  : Starting Servlet engine: [Apache Tomcat/9.0.60]
2022-04-03 17:34:03.434  INFO 39456 --- [main] o.a.c.c.C.[Tomcat].[localhost].[/]       : Initializing Spring embedded WebApplicationContext
2022-04-03 17:34:03.434  INFO 39456 --- [main] w.s.c.ServletWebServerApplicationContext : Root WebApplicationContext: initialization completed in 770 ms
2022-04-03 17:34:03.541  INFO 39456 --- [main] o.hibernate.jpa.internal.util.LogHelper  : HHH000204: Processing PersistenceUnitInfo [name: default]
2022-04-03 17:34:03.566  INFO 39456 --- [main] org.hibernate.Version                    : HHH000412: Hibernate ORM core version 5.6.7.Final
2022-04-03 17:34:03.680  INFO 39456 --- [main] o.hibernate.annotations.common.Version   : HCANN000001: Hibernate Commons Annotations {5.1.2.Final}
2022-04-03 17:34:03.736  INFO 39456 --- [main] com.zaxxer.hikari.HikariDataSource       : HikariPool-1 - Starting...
2022-04-03 17:34:04.148  INFO 39456 --- [main] com.zaxxer.hikari.HikariDataSource       : HikariPool-1 - Start completed.
2022-04-03 17:34:04.157  INFO 39456 --- [main] org.hibernate.dialect.Dialect            : HHH000400: Using dialect: org.hibernate.dialect.MySQL8Dialect
2022-04-03 17:34:04.556  INFO 39456 --- [main] o.h.e.t.j.p.i.JtaPlatformInitiator       : HHH000490: Using JtaPlatform implementation: [org.hibernate.engine.transaction.jta.platform.internal.NoJtaPlatform]
2022-04-03 17:34:04.562  INFO 39456 --- [main] j.LocalContainerEntityManagerFactoryBean : Initialized JPA EntityManagerFactory for persistence unit 'default'
2022-04-03 17:34:04.785  WARN 39456 --- [main] JpaBaseConfiguration$JpaWebConfiguration : spring.jpa.open-in-view is enabled by default. Therefore, database queries may be performed during view rendering. Explicitly configure spring.jpa.open-in-view to disable this warning
2022-04-03 17:34:04.926  WARN 39456 --- [main] ion$DefaultTemplateResolverConfiguration : Cannot find template location: classpath:/templates/ (please add some templates or check your Thymeleaf configuration)
2022-04-03 17:34:04.989  INFO 39456 --- [main] o.s.b.w.embedded.tomcat.TomcatWebServer  : Tomcat started on port(s): 8080 (http) with context path ''
2022-04-03 17:34:04.995  INFO 39456 --- [main] c.e.a.AntraHomeWork21Application         : Started AntraHomeWork21Application in 2.655 seconds (JVM running for 3.164)
2022-04-03 17:34:59.531  INFO 39456 --- [SpringApplicationShutdownHook] j.LocalContainerEntityManagerFactoryBean : Closing JPA EntityManagerFactory for persistence unit 'default'
2022-04-03 17:34:59.532  INFO 39456 --- [SpringApplicationShutdownHook] com.zaxxer.hikari.HikariDataSource       : HikariPool-1 - Shutdown initiated...
2022-04-03 17:34:59.535  INFO 39456 --- [SpringApplicationShutdownHook] com.zaxxer.hikari.HikariDataSource       : HikariPool-1 - Shutdown completed.
2022-04-03 17:35:04.116  INFO 41756 --- [main] c.e.a.AntraHomeWork21Application         : Starting AntraHomeWork21Application using Java 1.8.0_261 on DESKTOP-Q8HTOFS with PID 41756 (C:\Users\Tooth\OneDrive\Desktop\USC\antra\AntraHomeWork2_1\target\classes started by Tooth in C:\Users\Tooth\OneDrive\Desktop\USC\antra\AntraHomeWork2_1)
2022-04-03 17:35:04.118  INFO 41756 --- [main] c.e.a.AntraHomeWork21Application         : No active profile set, falling back to 1 default profile: "default"
2022-04-03 17:35:04.487  INFO 41756 --- [main] .s.d.r.c.RepositoryConfigurationDelegate : Bootstrapping Spring Data JPA repositories in DEFAULT mode.
2022-04-03 17:35:04.519  INFO 41756 --- [main] .s.d.r.c.RepositoryConfigurationDelegate : Finished Spring Data repository scanning in 25 ms. Found 2 JPA repository interfaces.
2022-04-03 17:35:04.801  INFO 41756 --- [main] o.s.b.w.embedded.tomcat.TomcatWebServer  : Tomcat initialized with port(s): 8080 (http)
2022-04-03 17:35:04.806  INFO 41756 --- [main] o.apache.catalina.core.StandardService   : Starting service [Tomcat]
2022-04-03 17:35:04.806  INFO 41756 --- [main] org.apache.catalina.core.StandardEngine  : Starting Servlet engine: [Apache Tomcat/9.0.60]
2022-04-03 17:35:04.896  INFO 41756 --- [main] o.a.c.c.C.[Tomcat].[localhost].[/]       : Initializing Spring embedded WebApplicationContext
2022-04-03 17:35:04.897  INFO 41756 --- [main] w.s.c.ServletWebServerApplicationContext : Root WebApplicationContext: initialization completed in 754 ms
2022-04-03 17:35:05.007  INFO 41756 --- [main] o.hibernate.jpa.internal.util.LogHelper  : HHH000204: Processing PersistenceUnitInfo [name: default]
2022-04-03 17:35:05.035  INFO 41756 --- [main] org.hibernate.Version                    : HHH000412: Hibernate ORM core version 5.6.7.Final
2022-04-03 17:35:05.154  INFO 41756 --- [main] o.hibernate.annotations.common.Version   : HCANN000001: Hibernate Commons Annotations {5.1.2.Final}
2022-04-03 17:35:05.215  INFO 41756 --- [main] com.zaxxer.hikari.HikariDataSource       : HikariPool-1 - Starting...
2022-04-03 17:35:05.558  INFO 41756 --- [main] com.zaxxer.hikari.HikariDataSource       : HikariPool-1 - Start completed.
2022-04-03 17:35:05.566  INFO 41756 --- [main] org.hibernate.dialect.Dialect            : HHH000400: Using dialect: org.hibernate.dialect.MySQL8Dialect
2022-04-03 17:35:05.953  INFO 41756 --- [main] o.h.e.t.j.p.i.JtaPlatformInitiator       : HHH000490: Using JtaPlatform implementation: [org.hibernate.engine.transaction.jta.platform.internal.NoJtaPlatform]
2022-04-03 17:35:05.959  INFO 41756 --- [main] j.LocalContainerEntityManagerFactoryBean : Initialized JPA EntityManagerFactory for persistence unit 'default'
2022-04-03 17:35:06.180  WARN 41756 --- [main] JpaBaseConfiguration$JpaWebConfiguration : spring.jpa.open-in-view is enabled by default. Therefore, database queries may be performed during view rendering. Explicitly configure spring.jpa.open-in-view to disable this warning
2022-04-03 17:35:06.323  WARN 41756 --- [main] ion$DefaultTemplateResolverConfiguration : Cannot find template location: classpath:/templates/ (please add some templates or check your Thymeleaf configuration)
2022-04-03 17:35:06.382  INFO 41756 --- [main] o.s.b.w.embedded.tomcat.TomcatWebServer  : Tomcat started on port(s): 8080 (http) with context path ''
2022-04-03 17:35:06.388  INFO 41756 --- [main] c.e.a.AntraHomeWork21Application         : Started AntraHomeWork21Application in 2.559 seconds (JVM running for 3.063)
2022-04-03 17:35:14.681  INFO 41756 --- [SpringApplicationShutdownHook] j.LocalContainerEntityManagerFactoryBean : Closing JPA EntityManagerFactory for persistence unit 'default'
2022-04-03 17:35:14.682  INFO 41756 --- [SpringApplicationShutdownHook] com.zaxxer.hikari.HikariDataSource       : HikariPool-1 - Shutdown initiated...
2022-04-03 17:35:14.686  INFO 41756 --- [SpringApplicationShutdownHook] com.zaxxer.hikari.HikariDataSource       : HikariPool-1 - Shutdown completed.
2022-04-03 17:39:37.302  INFO 39420 --- [main] c.e.a.AntraHomeWork21Application         : Starting AntraHomeWork21Application using Java 1.8.0_261 on DESKTOP-Q8HTOFS with PID 39420 (C:\Users\Tooth\OneDrive\Desktop\USC\antra\AntraHomeWork2_1\target\classes started by Tooth in C:\Users\Tooth\OneDrive\Desktop\USC\antra\AntraHomeWork2_1)
2022-04-03 17:39:37.304  INFO 39420 --- [main] c.e.a.AntraHomeWork21Application         : No active profile set, falling back to 1 default profile: "default"
2022-04-03 17:39:37.706  INFO 39420 --- [main] .s.d.r.c.RepositoryConfigurationDelegate : Bootstrapping Spring Data JPA repositories in DEFAULT mode.
2022-04-03 17:39:37.740  INFO 39420 --- [main] .s.d.r.c.RepositoryConfigurationDelegate : Finished Spring Data repository scanning in 27 ms. Found 2 JPA repository interfaces.
2022-04-03 17:39:38.028  INFO 39420 --- [main] o.s.b.w.embedded.tomcat.TomcatWebServer  : Tomcat initialized with port(s): 8080 (http)
2022-04-03 17:39:38.033  INFO 39420 --- [main] o.apache.catalina.core.StandardService   : Starting service [Tomcat]
2022-04-03 17:39:38.033  INFO 39420 --- [main] org.apache.catalina.core.StandardEngine  : Starting Servlet engine: [Apache Tomcat/9.0.60]
2022-04-03 17:39:38.123  INFO 39420 --- [main] o.a.c.c.C.[Tomcat].[localhost].[/]       : Initializing Spring embedded WebApplicationContext
2022-04-03 17:39:38.124  INFO 39420 --- [main] w.s.c.ServletWebServerApplicationContext : Root WebApplicationContext: initialization completed in 791 ms
2022-04-03 17:39:38.229  INFO 39420 --- [main] o.hibernate.jpa.internal.util.LogHelper  : HHH000204: Processing PersistenceUnitInfo [name: default]
2022-04-03 17:39:38.254  INFO 39420 --- [main] org.hibernate.Version                    : HHH000412: Hibernate ORM core version 5.6.7.Final
2022-04-03 17:39:38.372  INFO 39420 --- [main] o.hibernate.annotations.common.Version   : HCANN000001: Hibernate Commons Annotations {5.1.2.Final}
2022-04-03 17:39:38.429  INFO 39420 --- [main] com.zaxxer.hikari.HikariDataSource       : HikariPool-1 - Starting...
2022-04-03 17:39:38.762  INFO 39420 --- [main] com.zaxxer.hikari.HikariDataSource       : HikariPool-1 - Start completed.
2022-04-03 17:39:38.770  INFO 39420 --- [main] org.hibernate.dialect.Dialect            : HHH000400: Using dialect: org.hibernate.dialect.MySQL8Dialect
2022-04-03 17:39:39.172  INFO 39420 --- [main] o.h.e.t.j.p.i.JtaPlatformInitiator       : HHH000490: Using JtaPlatform implementation: [org.hibernate.engine.transaction.jta.platform.internal.NoJtaPlatform]
2022-04-03 17:39:39.177  INFO 39420 --- [main] j.LocalContainerEntityManagerFactoryBean : Initialized JPA EntityManagerFactory for persistence unit 'default'
2022-04-03 17:39:39.393  WARN 39420 --- [main] JpaBaseConfiguration$JpaWebConfiguration : spring.jpa.open-in-view is enabled by default. Therefore, database queries may be performed during view rendering. Explicitly configure spring.jpa.open-in-view to disable this warning
2022-04-03 17:39:39.538  WARN 39420 --- [main] ion$DefaultTemplateResolverConfiguration : Cannot find template location: classpath:/templates/ (please add some templates or check your Thymeleaf configuration)
2022-04-03 17:39:39.597  INFO 39420 --- [main] o.s.b.w.embedded.tomcat.TomcatWebServer  : Tomcat started on port(s): 8080 (http) with context path ''
2022-04-03 17:39:39.603  INFO 39420 --- [main] c.e.a.AntraHomeWork21Application         : Started AntraHomeWork21Application in 2.599 seconds (JVM running for 3.111)
2022-04-03 17:41:15.170  INFO 39420 --- [SpringApplicationShutdownHook] j.LocalContainerEntityManagerFactoryBean : Closing JPA EntityManagerFactory for persistence unit 'default'
2022-04-03 17:41:15.171  INFO 39420 --- [SpringApplicationShutdownHook] com.zaxxer.hikari.HikariDataSource       : HikariPool-1 - Shutdown initiated...
2022-04-03 17:41:15.175  INFO 39420 --- [SpringApplicationShutdownHook] com.zaxxer.hikari.HikariDataSource       : HikariPool-1 - Shutdown completed.
2022-04-03 17:41:23.462  INFO 45300 --- [main] c.e.a.AntraHomeWork21Application         : Starting AntraHomeWork21Application using Java 1.8.0_261 on DESKTOP-Q8HTOFS with PID 45300 (C:\Users\Tooth\OneDrive\Desktop\USC\antra\AntraHomeWork2_1\target\classes started by Tooth in C:\Users\Tooth\OneDrive\Desktop\USC\antra\AntraHomeWork2_1)
2022-04-03 17:41:23.465  INFO 45300 --- [main] c.e.a.AntraHomeWork21Application         : No active profile set, falling back to 1 default profile: "default"
2022-04-03 17:41:23.831  INFO 45300 --- [main] .s.d.r.c.RepositoryConfigurationDelegate : Bootstrapping Spring Data JPA repositories in DEFAULT mode.
2022-04-03 17:41:23.862  INFO 45300 --- [main] .s.d.r.c.RepositoryConfigurationDelegate : Finished Spring Data repository scanning in 25 ms. Found 2 JPA repository interfaces.
2022-04-03 17:41:24.171  INFO 45300 --- [main] o.s.b.w.embedded.tomcat.TomcatWebServer  : Tomcat initialized with port(s): 8080 (http)
2022-04-03 17:41:24.176  INFO 45300 --- [main] o.apache.catalina.core.StandardService   : Starting service [Tomcat]
2022-04-03 17:41:24.176  INFO 45300 --- [main] org.apache.catalina.core.StandardEngine  : Starting Servlet engine: [Apache Tomcat/9.0.60]
2022-04-03 17:41:24.262  INFO 45300 --- [main] o.a.c.c.C.[Tomcat].[localhost].[/]       : Initializing Spring embedded WebApplicationContext
2022-04-03 17:41:24.262  INFO 45300 --- [main] w.s.c.ServletWebServerApplicationContext : Root WebApplicationContext: initialization completed in 771 ms
2022-04-03 17:41:24.361  INFO 45300 --- [main] o.hibernate.jpa.internal.util.LogHelper  : HHH000204: Processing PersistenceUnitInfo [name: default]
2022-04-03 17:41:24.386  INFO 45300 --- [main] org.hibernate.Version                    : HHH000412: Hibernate ORM core version 5.6.7.Final
2022-04-03 17:41:24.515  INFO 45300 --- [main] o.hibernate.annotations.common.Version   : HCANN000001: Hibernate Commons Annotations {5.1.2.Final}
2022-04-03 17:41:24.572  INFO 45300 --- [main] com.zaxxer.hikari.HikariDataSource       : HikariPool-1 - Starting...
2022-04-03 17:41:24.896  INFO 45300 --- [main] com.zaxxer.hikari.HikariDataSource       : HikariPool-1 - Start completed.
2022-04-03 17:41:24.904  INFO 45300 --- [main] org.hibernate.dialect.Dialect            : HHH000400: Using dialect: org.hibernate.dialect.MySQL8Dialect
2022-04-03 17:41:25.294  INFO 45300 --- [main] o.h.e.t.j.p.i.JtaPlatformInitiator       : HHH000490: Using JtaPlatform implementation: [org.hibernate.engine.transaction.jta.platform.internal.NoJtaPlatform]
2022-04-03 17:41:25.300  INFO 45300 --- [main] j.LocalContainerEntityManagerFactoryBean : Initialized JPA EntityManagerFactory for persistence unit 'default'
2022-04-03 17:41:25.525  WARN 45300 --- [main] JpaBaseConfiguration$JpaWebConfiguration : spring.jpa.open-in-view is enabled by default. Therefore, database queries may be performed during view rendering. Explicitly configure spring.jpa.open-in-view to disable this warning
2022-04-03 17:41:25.668  WARN 45300 --- [main] ion$DefaultTemplateResolverConfiguration : Cannot find template location: classpath:/templates/ (please add some templates or check your Thymeleaf configuration)
2022-04-03 17:41:25.730  INFO 45300 --- [main] o.s.b.w.embedded.tomcat.TomcatWebServer  : Tomcat started on port(s): 8080 (http) with context path ''
2022-04-03 17:41:25.736  INFO 45300 --- [main] c.e.a.AntraHomeWork21Application         : Started AntraHomeWork21Application in 2.562 seconds (JVM running for 3.064)
2022-04-03 17:45:10.186  INFO 45300 --- [SpringApplicationShutdownHook] j.LocalContainerEntityManagerFactoryBean : Closing JPA EntityManagerFactory for persistence unit 'default'
2022-04-03 17:45:10.187  INFO 45300 --- [SpringApplicationShutdownHook] com.zaxxer.hikari.HikariDataSource       : HikariPool-1 - Shutdown initiated...
2022-04-03 17:45:10.191  INFO 45300 --- [SpringApplicationShutdownHook] com.zaxxer.hikari.HikariDataSource       : HikariPool-1 - Shutdown completed.
2022-04-03 17:45:13.674  INFO 31156 --- [main] c.e.a.AntraHomeWork21Application         : Starting AntraHomeWork21Application using Java 1.8.0_261 on DESKTOP-Q8HTOFS with PID 31156 (C:\Users\Tooth\OneDrive\Desktop\USC\antra\AntraHomeWork2_1\target\classes started by Tooth in C:\Users\Tooth\OneDrive\Desktop\USC\antra\AntraHomeWork2_1)
2022-04-03 17:45:13.676  INFO 31156 --- [main] c.e.a.AntraHomeWork21Application         : No active profile set, falling back to 1 default profile: "default"
2022-04-03 17:45:14.076  INFO 31156 --- [main] .s.d.r.c.RepositoryConfigurationDelegate : Bootstrapping Spring Data JPA repositories in DEFAULT mode.
2022-04-03 17:45:14.109  INFO 31156 --- [main] .s.d.r.c.RepositoryConfigurationDelegate : Finished Spring Data repository scanning in 27 ms. Found 2 JPA repository interfaces.
2022-04-03 17:45:14.392  INFO 31156 --- [main] o.s.b.w.embedded.tomcat.TomcatWebServer  : Tomcat initialized with port(s): 8080 (http)
2022-04-03 17:45:14.395  INFO 31156 --- [main] o.apache.catalina.core.StandardService   : Starting service [Tomcat]
2022-04-03 17:45:14.396  INFO 31156 --- [main] org.apache.catalina.core.StandardEngine  : Starting Servlet engine: [Apache Tomcat/9.0.60]
2022-04-03 17:45:14.485  INFO 31156 --- [main] o.a.c.c.C.[Tomcat].[localhost].[/]       : Initializing Spring embedded WebApplicationContext
2022-04-03 17:45:14.485  INFO 31156 --- [main] w.s.c.ServletWebServerApplicationContext : Root WebApplicationContext: initialization completed in 780 ms
2022-04-03 17:45:14.593  INFO 31156 --- [main] o.hibernate.jpa.internal.util.LogHelper  : HHH000204: Processing PersistenceUnitInfo [name: default]
2022-04-03 17:45:14.619  INFO 31156 --- [main] org.hibernate.Version                    : HHH000412: Hibernate ORM core version 5.6.7.Final
2022-04-03 17:45:14.735  INFO 31156 --- [main] o.hibernate.annotations.common.Version   : HCANN000001: Hibernate Commons Annotations {5.1.2.Final}
2022-04-03 17:45:14.791  INFO 31156 --- [main] com.zaxxer.hikari.HikariDataSource       : HikariPool-1 - Starting...
2022-04-03 17:45:15.123  INFO 31156 --- [main] com.zaxxer.hikari.HikariDataSource       : HikariPool-1 - Start completed.
2022-04-03 17:45:15.131  INFO 31156 --- [main] org.hibernate.dialect.Dialect            : HHH000400: Using dialect: org.hibernate.dialect.MySQL8Dialect
2022-04-03 17:45:15.515  INFO 31156 --- [main] o.h.e.t.j.p.i.JtaPlatformInitiator       : HHH000490: Using JtaPlatform implementation: [org.hibernate.engine.transaction.jta.platform.internal.NoJtaPlatform]
2022-04-03 17:45:15.521  INFO 31156 --- [main] j.LocalContainerEntityManagerFactoryBean : Initialized JPA EntityManagerFactory for persistence unit 'default'
2022-04-03 17:45:15.750  WARN 31156 --- [main] JpaBaseConfiguration$JpaWebConfiguration : spring.jpa.open-in-view is enabled by default. Therefore, database queries may be performed during view rendering. Explicitly configure spring.jpa.open-in-view to disable this warning
2022-04-03 17:45:15.893  WARN 31156 --- [main] ion$DefaultTemplateResolverConfiguration : Cannot find template location: classpath:/templates/ (please add some templates or check your Thymeleaf configuration)
2022-04-03 17:45:15.954  INFO 31156 --- [main] o.s.b.w.embedded.tomcat.TomcatWebServer  : Tomcat started on port(s): 8080 (http) with context path ''
2022-04-03 17:45:15.961  INFO 31156 --- [main] c.e.a.AntraHomeWork21Application         : Started AntraHomeWork21Application in 2.575 seconds (JVM running for 3.268)
2022-04-03 17:48:00.823  INFO 31156 --- [SpringApplicationShutdownHook] j.LocalContainerEntityManagerFactoryBean : Closing JPA EntityManagerFactory for persistence unit 'default'
2022-04-03 17:48:00.825  INFO 31156 --- [SpringApplicationShutdownHook] com.zaxxer.hikari.HikariDataSource       : HikariPool-1 - Shutdown initiated...
2022-04-03 17:48:00.837  INFO 31156 --- [SpringApplicationShutdownHook] com.zaxxer.hikari.HikariDataSource       : HikariPool-1 - Shutdown completed.
2022-04-03 17:48:08.653  INFO 42188 --- [main] c.e.a.AntraHomeWork21Application         : Starting AntraHomeWork21Application using Java 1.8.0_261 on DESKTOP-Q8HTOFS with PID 42188 (C:\Users\Tooth\OneDrive\Desktop\USC\antra\AntraHomeWork2_1\target\classes started by Tooth in C:\Users\Tooth\OneDrive\Desktop\USC\antra\AntraHomeWork2_1)
2022-04-03 17:48:08.655  INFO 42188 --- [main] c.e.a.AntraHomeWork21Application         : No active profile set, falling back to 1 default profile: "default"
2022-04-03 17:48:09.022  INFO 42188 --- [main] .s.d.r.c.RepositoryConfigurationDelegate : Bootstrapping Spring Data JPA repositories in DEFAULT mode.
2022-04-03 17:48:09.053  INFO 42188 --- [main] .s.d.r.c.RepositoryConfigurationDelegate : Finished Spring Data repository scanning in 26 ms. Found 2 JPA repository interfaces.
2022-04-03 17:48:09.340  INFO 42188 --- [main] o.s.b.w.embedded.tomcat.TomcatWebServer  : Tomcat initialized with port(s): 8080 (http)
2022-04-03 17:48:09.345  INFO 42188 --- [main] o.apache.catalina.core.StandardService   : Starting service [Tomcat]
2022-04-03 17:48:09.345  INFO 42188 --- [main] org.apache.catalina.core.StandardEngine  : Starting Servlet engine: [Apache Tomcat/9.0.60]
2022-04-03 17:48:09.436  INFO 42188 --- [main] o.a.c.c.C.[Tomcat].[localhost].[/]       : Initializing Spring embedded WebApplicationContext
2022-04-03 17:48:09.436  INFO 42188 --- [main] w.s.c.ServletWebServerApplicationContext : Root WebApplicationContext: initialization completed in 754 ms
2022-04-03 17:48:09.563  INFO 42188 --- [main] o.hibernate.jpa.internal.util.LogHelper  : HHH000204: Processing PersistenceUnitInfo [name: default]
2022-04-03 17:48:09.591  INFO 42188 --- [main] org.hibernate.Version                    : HHH000412: Hibernate ORM core version 5.6.7.Final
2022-04-03 17:48:09.720  INFO 42188 --- [main] o.hibernate.annotations.common.Version   : HCANN000001: Hibernate Commons Annotations {5.1.2.Final}
2022-04-03 17:48:09.778  INFO 42188 --- [main] com.zaxxer.hikari.HikariDataSource       : HikariPool-1 - Starting...
2022-04-03 17:48:10.125  INFO 42188 --- [main] com.zaxxer.hikari.HikariDataSource       : HikariPool-1 - Start completed.
2022-04-03 17:48:10.133  INFO 42188 --- [main] org.hibernate.dialect.Dialect            : HHH000400: Using dialect: org.hibernate.dialect.MySQL8Dialect
2022-04-03 17:48:10.537  INFO 42188 --- [main] o.h.e.t.j.p.i.JtaPlatformInitiator       : HHH000490: Using JtaPlatform implementation: [org.hibernate.engine.transaction.jta.platform.internal.NoJtaPlatform]
2022-04-03 17:48:10.542  INFO 42188 --- [main] j.LocalContainerEntityManagerFactoryBean : Initialized JPA EntityManagerFactory for persistence unit 'default'
2022-04-03 17:48:10.759  WARN 42188 --- [main] JpaBaseConfiguration$JpaWebConfiguration : spring.jpa.open-in-view is enabled by default. Therefore, database queries may be performed during view rendering. Explicitly configure spring.jpa.open-in-view to disable this warning
2022-04-03 17:48:10.899  WARN 42188 --- [main] ion$DefaultTemplateResolverConfiguration : Cannot find template location: classpath:/templates/ (please add some templates or check your Thymeleaf configuration)
2022-04-03 17:48:10.960  INFO 42188 --- [main] o.s.b.w.embedded.tomcat.TomcatWebServer  : Tomcat started on port(s): 8080 (http) with context path ''
2022-04-03 17:48:10.966  INFO 42188 --- [main] c.e.a.AntraHomeWork21Application         : Started AntraHomeWork21Application in 2.599 seconds (JVM running for 3.106)
2022-04-03 17:50:28.257  INFO 42188 --- [SpringApplicationShutdownHook] j.LocalContainerEntityManagerFactoryBean : Closing JPA EntityManagerFactory for persistence unit 'default'
2022-04-03 17:50:28.258  INFO 42188 --- [SpringApplicationShutdownHook] com.zaxxer.hikari.HikariDataSource       : HikariPool-1 - Shutdown initiated...
2022-04-03 17:50:28.262  INFO 42188 --- [SpringApplicationShutdownHook] com.zaxxer.hikari.HikariDataSource       : HikariPool-1 - Shutdown completed.
2022-04-03 17:50:37.038  INFO 37236 --- [main] c.e.a.AntraHomeWork21Application         : Starting AntraHomeWork21Application using Java 1.8.0_261 on DESKTOP-Q8HTOFS with PID 37236 (C:\Users\Tooth\OneDrive\Desktop\USC\antra\AntraHomeWork2_1\target\classes started by Tooth in C:\Users\Tooth\OneDrive\Desktop\USC\antra\AntraHomeWork2_1)
2022-04-03 17:50:37.040  INFO 37236 --- [main] c.e.a.AntraHomeWork21Application         : No active profile set, falling back to 1 default profile: "default"
2022-04-03 17:50:37.404  INFO 37236 --- [main] .s.d.r.c.RepositoryConfigurationDelegate : Bootstrapping Spring Data JPA repositories in DEFAULT mode.
2022-04-03 17:50:37.436  INFO 37236 --- [main] .s.d.r.c.RepositoryConfigurationDelegate : Finished Spring Data repository scanning in 26 ms. Found 2 JPA repository interfaces.
2022-04-03 17:50:37.716  INFO 37236 --- [main] o.s.b.w.embedded.tomcat.TomcatWebServer  : Tomcat initialized with port(s): 8080 (http)
2022-04-03 17:50:37.721  INFO 37236 --- [main] o.apache.catalina.core.StandardService   : Starting service [Tomcat]
2022-04-03 17:50:37.722  INFO 37236 --- [main] org.apache.catalina.core.StandardEngine  : Starting Servlet engine: [Apache Tomcat/9.0.60]
2022-04-03 17:50:37.814  INFO 37236 --- [main] o.a.c.c.C.[Tomcat].[localhost].[/]       : Initializing Spring embedded WebApplicationContext
2022-04-03 17:50:37.814  INFO 37236 --- [main] w.s.c.ServletWebServerApplicationContext : Root WebApplicationContext: initialization completed in 750 ms
2022-04-03 17:50:37.925  INFO 37236 --- [main] o.hibernate.jpa.internal.util.LogHelper  : HHH000204: Processing PersistenceUnitInfo [name: default]
2022-04-03 17:50:37.951  INFO 37236 --- [main] org.hibernate.Version                    : HHH000412: Hibernate ORM core version 5.6.7.Final
2022-04-03 17:50:38.075  INFO 37236 --- [main] o.hibernate.annotations.common.Version   : HCANN000001: Hibernate Commons Annotations {5.1.2.Final}
2022-04-03 17:50:38.131  INFO 37236 --- [main] com.zaxxer.hikari.HikariDataSource       : HikariPool-1 - Starting...
2022-04-03 17:50:38.463  INFO 37236 --- [main] com.zaxxer.hikari.HikariDataSource       : HikariPool-1 - Start completed.
2022-04-03 17:50:38.472  INFO 37236 --- [main] org.hibernate.dialect.Dialect            : HHH000400: Using dialect: org.hibernate.dialect.MySQL8Dialect
2022-04-03 17:50:38.869  INFO 37236 --- [main] o.h.e.t.j.p.i.JtaPlatformInitiator       : HHH000490: Using JtaPlatform implementation: [org.hibernate.engine.transaction.jta.platform.internal.NoJtaPlatform]
2022-04-03 17:50:38.875  INFO 37236 --- [main] j.LocalContainerEntityManagerFactoryBean : Initialized JPA EntityManagerFactory for persistence unit 'default'
2022-04-03 17:50:39.102  WARN 37236 --- [main] JpaBaseConfiguration$JpaWebConfiguration : spring.jpa.open-in-view is enabled by default. Therefore, database queries may be performed during view rendering. Explicitly configure spring.jpa.open-in-view to disable this warning
2022-04-03 17:50:39.242  WARN 37236 --- [main] ion$DefaultTemplateResolverConfiguration : Cannot find template location: classpath:/templates/ (please add some templates or check your Thymeleaf configuration)
2022-04-03 17:50:39.302  INFO 37236 --- [main] o.s.b.w.embedded.tomcat.TomcatWebServer  : Tomcat started on port(s): 8080 (http) with context path ''
2022-04-03 17:50:39.308  INFO 37236 --- [main] c.e.a.AntraHomeWork21Application         : Started AntraHomeWork21Application in 2.557 seconds (JVM running for 3.163)
2022-04-03 17:52:33.908  INFO 37236 --- [SpringApplicationShutdownHook] j.LocalContainerEntityManagerFactoryBean : Closing JPA EntityManagerFactory for persistence unit 'default'
2022-04-03 17:52:33.909  INFO 37236 --- [SpringApplicationShutdownHook] com.zaxxer.hikari.HikariDataSource       : HikariPool-1 - Shutdown initiated...
2022-04-03 17:52:33.913  INFO 37236 --- [SpringApplicationShutdownHook] com.zaxxer.hikari.HikariDataSource       : HikariPool-1 - Shutdown completed.
2022-04-03 17:56:53.914  INFO 33240 --- [main] c.e.a.AntraHomeWork21Application         : Starting AntraHomeWork21Application using Java 1.8.0_261 on DESKTOP-Q8HTOFS with PID 33240 (C:\Users\Tooth\OneDrive\Desktop\USC\antra\AntraHomeWork2_1\target\classes started by Tooth in C:\Users\Tooth\OneDrive\Desktop\USC\antra\AntraHomeWork2_1)
2022-04-03 17:56:53.916  INFO 33240 --- [main] c.e.a.AntraHomeWork21Application         : No active profile set, falling back to 1 default profile: "default"
2022-04-03 17:56:54.286  INFO 33240 --- [main] .s.d.r.c.RepositoryConfigurationDelegate : Bootstrapping Spring Data JPA repositories in DEFAULT mode.
2022-04-03 17:56:54.318  INFO 33240 --- [main] .s.d.r.c.RepositoryConfigurationDelegate : Finished Spring Data repository scanning in 26 ms. Found 2 JPA repository interfaces.
2022-04-03 17:56:54.621  INFO 33240 --- [main] o.s.b.w.embedded.tomcat.TomcatWebServer  : Tomcat initialized with port(s): 8080 (http)
2022-04-03 17:56:54.626  INFO 33240 --- [main] o.apache.catalina.core.StandardService   : Starting service [Tomcat]
2022-04-03 17:56:54.626  INFO 33240 --- [main] org.apache.catalina.core.StandardEngine  : Starting Servlet engine: [Apache Tomcat/9.0.60]
2022-04-03 17:56:54.713  INFO 33240 --- [main] o.a.c.c.C.[Tomcat].[localhost].[/]       : Initializing Spring embedded WebApplicationContext
2022-04-03 17:56:54.713  INFO 33240 --- [main] w.s.c.ServletWebServerApplicationContext : Root WebApplicationContext: initialization completed in 770 ms
2022-04-03 17:56:54.814  INFO 33240 --- [main] o.hibernate.jpa.internal.util.LogHelper  : HHH000204: Processing PersistenceUnitInfo [name: default]
2022-04-03 17:56:54.839  INFO 33240 --- [main] org.hibernate.Version                    : HHH000412: Hibernate ORM core version 5.6.7.Final
2022-04-03 17:56:54.965  INFO 33240 --- [main] o.hibernate.annotations.common.Version   : HCANN000001: Hibernate Commons Annotations {5.1.2.Final}
2022-04-03 17:56:55.020  INFO 33240 --- [main] com.zaxxer.hikari.HikariDataSource       : HikariPool-1 - Starting...
2022-04-03 17:56:55.356  INFO 33240 --- [main] com.zaxxer.hikari.HikariDataSource       : HikariPool-1 - Start completed.
2022-04-03 17:56:55.364  INFO 33240 --- [main] org.hibernate.dialect.Dialect            : HHH000400: Using dialect: org.hibernate.dialect.MySQL8Dialect
2022-04-03 17:56:55.757  INFO 33240 --- [main] o.h.e.t.j.p.i.JtaPlatformInitiator       : HHH000490: Using JtaPlatform implementation: [org.hibernate.engine.transaction.jta.platform.internal.NoJtaPlatform]
2022-04-03 17:56:55.761  INFO 33240 --- [main] j.LocalContainerEntityManagerFactoryBean : Initialized JPA EntityManagerFactory for persistence unit 'default'
2022-04-03 17:56:55.987  WARN 33240 --- [main] JpaBaseConfiguration$JpaWebConfiguration : spring.jpa.open-in-view is enabled by default. Therefore, database queries may be performed during view rendering. Explicitly configure spring.jpa.open-in-view to disable this warning
2022-04-03 17:56:56.127  WARN 33240 --- [main] ion$DefaultTemplateResolverConfiguration : Cannot find template location: classpath:/templates/ (please add some templates or check your Thymeleaf configuration)
2022-04-03 17:56:56.188  INFO 33240 --- [main] o.s.b.w.embedded.tomcat.TomcatWebServer  : Tomcat started on port(s): 8080 (http) with context path ''
2022-04-03 17:56:56.195  INFO 33240 --- [main] c.e.a.AntraHomeWork21Application         : Started AntraHomeWork21Application in 2.605 seconds (JVM running for 3.119)
2022-04-03 17:59:57.021  INFO 33240 --- [SpringApplicationShutdownHook] j.LocalContainerEntityManagerFactoryBean : Closing JPA EntityManagerFactory for persistence unit 'default'
2022-04-03 17:59:57.022  INFO 33240 --- [SpringApplicationShutdownHook] com.zaxxer.hikari.HikariDataSource       : HikariPool-1 - Shutdown initiated...
2022-04-03 17:59:57.025  INFO 33240 --- [SpringApplicationShutdownHook] com.zaxxer.hikari.HikariDataSource       : HikariPool-1 - Shutdown completed.
